<?xml version="1.0" encoding="UTF-8"?>
<!-- Generated by org.testng.reporters.JUnitXMLReporter -->
<testsuite ignored="0" hostname="kathia" failures="0" tests="7" name="Default test" time="0.536" errors="0" timestamp="2024-11-02T13:28:06 EDT">
  <testcase classname="utilities.utilities" name="@BeforeClass beforeClass" time="-1.730568486433E9">
    <failure type="org.testng.TestNGException" message="
Parameter &amp;apos;browser&amp;apos; is required by BeforeClass on method beforeClass but has not been marked @Optional or defined
in C:\Users\kathi\AppData\Local\Temp\testng-eclipse-61874053\testng-customsuite.xml">
      <![CDATA[org.testng.TestNGException: 
Parameter 'browser' is required by BeforeClass on method beforeClass but has not been marked @Optional or defined
in C:\Users\kathi\AppData\Local\Temp\testng-eclipse-61874053\testng-customsuite.xml
at org.testng.internal.Parameters.createParams(Parameters.java:267)
at org.testng.internal.Parameters.createParametersForMethod(Parameters.java:355)
at org.testng.internal.Parameters.createParameters(Parameters.java:684)
at org.testng.internal.Parameters.createConfigurationParameters(Parameters.java:166)
at org.testng.internal.invokers.ConfigInvoker.invokeConfigurations(ConfigInvoker.java:306)
at org.testng.internal.invokers.TestMethodWorker.invokeBeforeClassMethods(TestMethodWorker.java:180)
at org.testng.internal.invokers.TestMethodWorker.run(TestMethodWorker.java:122)
at java.base/java.util.ArrayList.forEach(ArrayList.java:1511)
at org.testng.TestRunner.privateRun(TestRunner.java:848)
at org.testng.TestRunner.run(TestRunner.java:621)
at org.testng.SuiteRunner.runTest(SuiteRunner.java:443)
at org.testng.SuiteRunner.runSequentially(SuiteRunner.java:437)
at org.testng.SuiteRunner.privateRun(SuiteRunner.java:397)
at org.testng.SuiteRunner.run(SuiteRunner.java:336)
at org.testng.SuiteRunnerWorker.runSuite(SuiteRunnerWorker.java:52)
at org.testng.SuiteRunnerWorker.run(SuiteRunnerWorker.java:95)
at org.testng.TestNG.runSuitesSequentially(TestNG.java:1280)
at org.testng.TestNG.runSuitesLocally(TestNG.java:1200)
at org.testng.TestNG.runSuites(TestNG.java:1114)
at org.testng.TestNG.run(TestNG.java:1082)
at org.testng.remote.AbstractRemoteTestNG.run(AbstractRemoteTestNG.java:115)
at org.testng.remote.RemoteTestNG.initAndRun(RemoteTestNG.java:293)
at org.testng.remote.RemoteTestNG.main(RemoteTestNG.java:91)
]]>
    </failure>
  </testcase> <!-- @BeforeClass beforeClass -->
  <testcase classname="utilities.utilities" name="@AfterClass afterClass" time="0.0">
    <skipped/>
  </testcase> <!-- @AfterClass afterClass -->
  <testcase classname="TestNG_classes.Login" name="loginpage" time="0.0">
    <skipped/>
  </testcase> <!-- loginpage -->
  <testcase classname="TestNG_classes.Login" name="passwordenter" time="0.0">
    <skipped/>
  </testcase> <!-- passwordenter -->
  <testcase classname="TestNG_classes.Login" name="loginbutton" time="0.0">
    <skipped/>
  </testcase> <!-- loginbutton -->
  <testcase classname="TestNG_classes.Login" name="search" time="0.0">
    <skipped/>
  </testcase> <!-- search -->
  <testcase classname="TestNG_classes.Login" name="click_AddtoCart" time="0.0">
    <skipped/>
  </testcase> <!-- click_AddtoCart -->
  <testcase classname="TestNG_classes.Login" name="confirmationmsg" time="0.0">
    <skipped/>
  </testcase> <!-- confirmationmsg -->
  <testcase classname="TestNG_classes.Login" name="itemsconfirmation" time="0.0">
    <skipped/>
  </testcase> <!-- itemsconfirmation -->
</testsuite> <!-- Default test -->
