<?xml version="1.0" encoding="UTF-8"?>
<!-- Generated by org.testng.reporters.JUnitXMLReporter -->
<testsuite ignored="0" hostname="kathia" failures="0" tests="1" name="Testaddtocart.xml" time="0.485" errors="0" timestamp="2024-09-28T22:11:36 EDT">
  <testcase classname="utilities.utilities" name="@BeforeClass beforeClass" time="-1.727575896543E9">
    <failure type="org.testng.TestNGException" message="
Parameter &amp;apos;browser&amp;apos; is required by BeforeClass on method beforeClass but has not been marked @Optional or defined
in D:\eclipse interenship workspace\TestNG_Intrenship\pipeline\testng.xml">
      <![CDATA[org.testng.TestNGException: 
Parameter 'browser' is required by BeforeClass on method beforeClass but has not been marked @Optional or defined
in D:\eclipse interenship workspace\TestNG_Intrenship\pipeline\testng.xml
at java.base/java.util.ArrayList.forEach(ArrayList.java:1511)
... Removed 22 stack frames]]>
    </failure>
  </testcase> <!-- @BeforeClass beforeClass -->
  <testcase classname="utilities.utilities" name="@AfterClass afterClass" time="0.0">
    <skipped/>
  </testcase> <!-- @AfterClass afterClass -->
  <testcase classname="Logger_pack.Addtocart_Test" name="f" time="0.0">
    <skipped/>
  </testcase> <!-- f -->
</testsuite> <!-- Testaddtocart.xml -->
